c:\users\b8014851\github\team-4-ps4\ps4starter\test.gnf
c:\users\b8014851\github\team-4-ps4\ps4starter\doge.png
c:\users\b8014851\github\team-4-ps4\ps4starter\orbis_debug\main.o
c:\users\b8014851\github\team-4-ps4\ps4starter\orbis_debug\renderobject.o
c:\users\b8014851\github\team-4-ps4\ps4starter\orbis_debug\examplerenderer.o
c:\users\b8014851\github\team-4-ps4\orbis_debug\ps4starter.elf
c:\users\b8014851\github\team-4-ps4\orbis_debug\pixelshader.sb
c:\users\b8014851\github\team-4-ps4\orbis_debug\skyboxvertexshader.sb
c:\users\b8014851\github\team-4-ps4\orbis_debug\vertexshader.sb
c:\users\b8014851\github\team-4-ps4\orbis_debug\vertexshader1.sb
c:\users\b8014851\github\team-4-ps4\ps4starter\orbis_debug\ps4starter.tlog\custombuild.command.1.tlog
c:\users\b8014851\github\team-4-ps4\ps4starter\orbis_debug\ps4starter.tlog\custombuild.read.1.tlog
c:\users\b8014851\github\team-4-ps4\ps4starter\orbis_debug\ps4starter.tlog\custombuild.write.1.tlog
c:\users\b8014851\github\team-4-ps4\ps4starter\orbis_debug\ps4starter.tlog\orbis-clang-cl.command.1.tlog
c:\users\b8014851\github\team-4-ps4\ps4starter\orbis_debug\ps4starter.tlog\orbis-clang-cl.read.1.tlog
c:\users\b8014851\github\team-4-ps4\ps4starter\orbis_debug\ps4starter.tlog\orbis-clang-cl.write.1.tlog
c:\users\b8014851\github\team-4-ps4\ps4starter\orbis_debug\ps4starter.tlog\orbis-ld.command.1.tlog
c:\users\b8014851\github\team-4-ps4\ps4starter\orbis_debug\ps4starter.tlog\orbis-ld.read.1.tlog
c:\users\b8014851\github\team-4-ps4\ps4starter\orbis_debug\ps4starter.tlog\orbis-ld.write.1.tlog
c:\users\b8014851\github\team-4-ps4\ps4starter\orbis_debug\ps4starter.tlog\orbis-wave-psslc.command.1.tlog
c:\users\b8014851\github\team-4-ps4\ps4starter\orbis_debug\ps4starter.tlog\orbis-wave-psslc.read.1.tlog
c:\users\b8014851\github\team-4-ps4\ps4starter\orbis_debug\ps4starter.tlog\orbis-wave-psslc.write.1.tlog
