  Performing Custom Build Tools
  Automatically set output format using source file "C:\Users\b8052301\Source\Repos\Team-4-PS4\Assets\Textures\doge.png" to : "B8G8R8X8UNormSrgb"
  Texture descriptors information (version 2):
  
  index) width, height, depth, format            , type        ,      size
      0)   256,    256,     1, B8G8R8X8UNormSrgb , 2d(mips:1)  ,     262144 bytes
  PixelShader.pssl
  ExampleRenderer.cpp
  In file included from C:\Users\b8052301\Source\Repos\Team-4-PS4\PS4Starter\ExampleRenderer.cpp:1:
C:\Users\b8052301\Source\Repos\Team-4-PS4\PS4Starter/ExampleRenderer.h(16,9): warning : 'NCL::PS4::ExampleRenderer::Update' hides overloaded virtual function [-Woverloaded-virtual]
                          void Update(float dt, float x, float y);
                               ^
  C:\Users\b8052301\Source\Repos\Team-4-PS4\PS4Starter/../Plugins/PlayStation4/../../Common/RendererBase.h(27,17):  note: hidden overloaded virtual function 'NCL::Rendering::RendererBase::Update' declared here: different number of parameters (1 vs 3)
                          virtual void Update(float dt) {}
                                       ^
  In file included from C:\Users\b8052301\Source\Repos\Team-4-PS4\PS4Starter\ExampleRenderer.cpp:1:
  In file included from C:\Users\b8052301\Source\Repos\Team-4-PS4\PS4Starter/ExampleRenderer.h:3:
C:\Users\b8052301\Source\Repos\Team-4-PS4\PS4Starter/../Common/ObjLoader.h(245,13): warning : unused function 'parseTriple' [-Wunused-function]
  static bool parseTriple(const char **token, int vsize, int vnsize, int vtsize,
              ^
C:\Users\b8052301\Source\Repos\Team-4-PS4\PS4Starter/../Common/ObjLoader.h(417,13): warning : unused function 'exportGroupsToShape' [-Wunused-function]
  static bool exportGroupsToShape(shape_t *shape,
              ^
C:\Users\b8052301\Source\Repos\Team-4-PS4\PS4Starter/../Common/ObjLoader.h(1042,14): warning : private field 'attrib' is not used [-Wunused-private-field]
                          attrib_t* attrib;
                                    ^
C:\Users\b8052301\Source\Repos\Team-4-PS4\PS4Starter/../Common/ObjLoader.h(1046,22): warning : private field 'primType' is not used [-Wunused-private-field]
                          GeometryPrimitive       primType;
                                                  ^
  5 warnings generated.
  main.cpp
  In file included from C:\Users\b8052301\Source\Repos\Team-4-PS4\PS4Starter\main.cpp:11:
C:\Users\b8052301\Source\Repos\Team-4-PS4\PS4Starter/ExampleRenderer.h(16,9): warning : 'NCL::PS4::ExampleRenderer::Update' hides overloaded virtual function [-Woverloaded-virtual]
                          void Update(float dt, float x, float y);
                               ^
  C:\Users\b8052301\Source\Repos\Team-4-PS4\PS4Starter/../Plugins/PlayStation4/../../Common/RendererBase.h(27,17):  note: hidden overloaded virtual function 'NCL::Rendering::RendererBase::Update' declared here: different number of parameters (1 vs 3)
                          virtual void Update(float dt) {}
                                       ^
C:\Users\b8052301\Source\Repos\Team-4-PS4\PS4Starter\main.cpp(23,18): warning : unused variable 'soundSystem' [-Wunused-variable]
          Ps4SoundSystem* soundSystem = new Ps4SoundSystem(8);
                          ^
  In file included from C:\Users\b8052301\Source\Repos\Team-4-PS4\PS4Starter\main.cpp:11:
  In file included from C:\Users\b8052301\Source\Repos\Team-4-PS4\PS4Starter/ExampleRenderer.h:3:
C:\Users\b8052301\Source\Repos\Team-4-PS4\PS4Starter/../Common/ObjLoader.h(245,13): warning : unused function 'parseTriple' [-Wunused-function]
  static bool parseTriple(const char **token, int vsize, int vnsize, int vtsize,
              ^
C:\Users\b8052301\Source\Repos\Team-4-PS4\PS4Starter/../Common/ObjLoader.h(417,13): warning : unused function 'exportGroupsToShape' [-Wunused-function]
  static bool exportGroupsToShape(shape_t *shape,
              ^
C:\Users\b8052301\Source\Repos\Team-4-PS4\PS4Starter/../Common/ObjLoader.h(1042,14): warning : private field 'attrib' is not used [-Wunused-private-field]
                          attrib_t* attrib;
                                    ^
C:\Users\b8052301\Source\Repos\Team-4-PS4\PS4Starter/../Common/ObjLoader.h(1046,22): warning : private field 'primType' is not used [-Wunused-private-field]
                          GeometryPrimitive       primType;
                                                  ^
  6 warnings generated.
  orbis-ld 6.00.0.4937 (rel,orbis,6.000 @410442 x64) C:\Program Files (x86)\SCE\ORBIS SDKs\6.000\host_tools\bin\orbis-ld.exe
main.cpp : error : L0019: symbol `greatest_v_idx' multiply defined
main.cpp : error : ...first in "C:\Users\b8052301\Source\Repos\Team-4-PS4\PS4Starter\ORBIS_Debug\ExampleRenderer.o"
main.cpp : error : ...now in "C:\Users\b8052301\Source\Repos\Team-4-PS4\PS4Starter\ORBIS_Debug\main.o".
main.cpp : error : L0019: symbol `greatest_vn_idx' multiply defined
main.cpp : error : ...first in "C:\Users\b8052301\Source\Repos\Team-4-PS4\PS4Starter\ORBIS_Debug\ExampleRenderer.o"
main.cpp : error : ...now in "C:\Users\b8052301\Source\Repos\Team-4-PS4\PS4Starter\ORBIS_Debug\main.o".
main.cpp : error : L0019: symbol `greatest_vt_idx' multiply defined
main.cpp : error : ...first in "C:\Users\b8052301\Source\Repos\Team-4-PS4\PS4Starter\ORBIS_Debug\ExampleRenderer.o"
main.cpp : error : ...now in "C:\Users\b8052301\Source\Repos\Team-4-PS4\PS4Starter\ORBIS_Debug\main.o".
main.cpp : error : L0019: symbol `material' multiply defined
main.cpp : error : ...first in "C:\Users\b8052301\Source\Repos\Team-4-PS4\PS4Starter\ORBIS_Debug\ExampleRenderer.o"
main.cpp : error : ...now in "C:\Users\b8052301\Source\Repos\Team-4-PS4\PS4Starter\ORBIS_Debug\main.o".
main.cpp : error : L0019: symbol `material_map' multiply defined
main.cpp : error : ...first in "C:\Users\b8052301\Source\Repos\Team-4-PS4\PS4Starter\ORBIS_Debug\ExampleRenderer.o"
main.cpp : error : ...now in "C:\Users\b8052301\Source\Repos\Team-4-PS4\PS4Starter\ORBIS_Debug\main.o".
Unknown source file(1): warning : L0280: definition of symbol `greatest_v_idx' from "C:\Users\b8052301\Source\Repos\Team-4-PS4\PS4Starter\ORBIS_Debug\ExampleRenderer.o" overrides definition from "C:\Users\b8052301\Source\Repos\Team-4-PS4\ORBIS\Debug\Common.a(MeshGeometry.o)"
Unknown source file(1): warning : L0280: definition of symbol `greatest_vn_idx' from "C:\Users\b8052301\Source\Repos\Team-4-PS4\PS4Starter\ORBIS_Debug\ExampleRenderer.o" overrides definition from "C:\Users\b8052301\Source\Repos\Team-4-PS4\ORBIS\Debug\Common.a(MeshGeometry.o)"
Unknown source file(1): warning : L0280: definition of symbol `greatest_vt_idx' from "C:\Users\b8052301\Source\Repos\Team-4-PS4\PS4Starter\ORBIS_Debug\ExampleRenderer.o" overrides definition from "C:\Users\b8052301\Source\Repos\Team-4-PS4\ORBIS\Debug\Common.a(MeshGeometry.o)"
Unknown source file(1): warning : L0280: definition of symbol `material' from "C:\Users\b8052301\Source\Repos\Team-4-PS4\PS4Starter\ORBIS_Debug\ExampleRenderer.o" overrides definition from "C:\Users\b8052301\Source\Repos\Team-4-PS4\ORBIS\Debug\Common.a(MeshGeometry.o)"
Unknown source file(1): warning : L0280: definition of symbol `material_map' from "C:\Users\b8052301\Source\Repos\Team-4-PS4\PS4Starter\ORBIS_Debug\ExampleRenderer.o" overrides definition from "C:\Users\b8052301\Source\Repos\Team-4-PS4\ORBIS\Debug\Common.a(MeshGeometry.o)"
