c:\users\b8022172\source\repos\team-4-ps42\plugins\playstation4\orbis_debug\inputbase.o
c:\users\b8022172\source\repos\team-4-ps42\plugins\playstation4\orbis_debug\main.o
c:\users\b8022172\source\repos\team-4-ps42\plugins\playstation4\orbis_debug\ps4audioemitter.o
c:\users\b8022172\source\repos\team-4-ps42\plugins\playstation4\orbis_debug\ps4audiosource.o
c:\users\b8022172\source\repos\team-4-ps42\plugins\playstation4\orbis_debug\ps4audiosystem.o
c:\users\b8022172\source\repos\team-4-ps42\plugins\playstation4\orbis_debug\ps4computeshader.o
c:\users\b8022172\source\repos\team-4-ps42\plugins\playstation4\orbis_debug\ps4frame.o
c:\users\b8022172\source\repos\team-4-ps42\plugins\playstation4\orbis_debug\ps4input.o
c:\users\b8022172\source\repos\team-4-ps42\plugins\playstation4\orbis_debug\ps4memoryaware.o
c:\users\b8022172\source\repos\team-4-ps42\plugins\playstation4\orbis_debug\ps4mesh.o
c:\users\b8022172\source\repos\team-4-ps42\plugins\playstation4\orbis_debug\ps4shader.o
c:\users\b8022172\source\repos\team-4-ps42\plugins\playstation4\orbis_debug\ps4sound.o
c:\users\b8022172\source\repos\team-4-ps42\plugins\playstation4\orbis_debug\ps4soundemitter.o
c:\users\b8022172\source\repos\team-4-ps42\plugins\playstation4\orbis_debug\ps4soundsystem.o
c:\users\b8022172\source\repos\team-4-ps42\plugins\playstation4\orbis_debug\ps4texture.o
c:\users\b8022172\source\repos\team-4-ps42\plugins\playstation4\orbis_debug\ps4window.o
c:\users\b8022172\source\repos\team-4-ps42\plugins\playstation4\orbis_debug\ps4rendererbase.o
c:\users\b8022172\source\repos\team-4-ps42\orbis\debug\playstation4.a
c:\users\b8022172\source\repos\team-4-ps42\plugins\playstation4\orbis_debug\playstation4.tlog\orbis-clang-cl.command.1.tlog
c:\users\b8022172\source\repos\team-4-ps42\plugins\playstation4\orbis_debug\playstation4.tlog\orbis-clang-cl.read.1.tlog
c:\users\b8022172\source\repos\team-4-ps42\plugins\playstation4\orbis_debug\playstation4.tlog\orbis-clang-cl.write.1.tlog
c:\users\b8022172\source\repos\team-4-ps42\plugins\playstation4\orbis_debug\playstation4.tlog\orbis-snarl.command.1.tlog
c:\users\b8022172\source\repos\team-4-ps42\plugins\playstation4\orbis_debug\playstation4.tlog\orbis-snarl.read.1.tlog
c:\users\b8022172\source\repos\team-4-ps42\plugins\playstation4\orbis_debug\playstation4.tlog\orbis-snarl.write.1.tlog
