  PS4Mesh.cpp
C:\Users\b8052301\Source\Repos\Team-4-PS4\Plugins\PlayStation4\PS4Mesh.cpp(114,1): warning : control reaches end of non-void function [-Wreturn-type]
  }
  ^
C:\Users\b8052301\Source\Repos\Team-4-PS4\Plugins\PlayStation4\PS4Mesh.cpp(145,8): warning : reference cannot be bound to dereferenced null pointer in well-defined C++ code; pointer may be assumed to always convert to true [-Wundefined-bool-conversion]
                  if (&texCoords[0]) {
                  ~~   ^~~~~~~~~~~~
  C:\Program Files (x86)\SCE\ORBIS SDKs\6.000\target\include\vector(1266,12):  note: 'operator[]' returns a reference
          reference operator[](size_type _Pos)
                    ^
C:\Users\b8052301\Source\Repos\Team-4-PS4\Plugins\PlayStation4\PS4Mesh.cpp(148,8): warning : reference cannot be bound to dereferenced null pointer in well-defined C++ code; pointer may be assumed to always convert to true [-Wundefined-bool-conversion]
                  if (&normals[0]) {
                  ~~   ^~~~~~~~~~
  C:\Program Files (x86)\SCE\ORBIS SDKs\6.000\target\include\vector(1266,12):  note: 'operator[]' returns a reference
          reference operator[](size_type _Pos)
                    ^
C:\Users\b8052301\Source\Repos\Team-4-PS4\Plugins\PlayStation4\PS4Mesh.cpp(151,8): warning : reference cannot be bound to dereferenced null pointer in well-defined C++ code; pointer may be assumed to always convert to true [-Wundefined-bool-conversion]
                  if (&tangents[0]) {
                  ~~   ^~~~~~~~~~~
  C:\Program Files (x86)\SCE\ORBIS SDKs\6.000\target\include\vector(1266,12):  note: 'operator[]' returns a reference
          reference operator[](size_type _Pos)
                    ^
  4 warnings generated.
  PS4RendererBase.cpp
C:\Users\b8052301\Source\Repos\Team-4-PS4\Plugins\PlayStation4\PS4RendererBase.cpp(224,9): warning : unused variable 'a' [-Wunused-variable]
                          bool a = true;
                               ^
C:\Users\b8052301\Source\Repos\Team-4-PS4\Plugins\PlayStation4\PS4RendererBase.cpp(253,9): warning : unused variable 'a' [-Wunused-variable]
                          bool a = true;
                               ^
  2 warnings generated.
  PS4Texture.cpp
  PlayStation4.vcxproj -> C:\Users\b8052301\Source\Repos\Team-4-PS4\ORBIS\Debug\PlayStation4.a
