c:\users\b8052301\ps4\richps4\common\orbis_debug\assets.o
c:\users\b8052301\ps4\richps4\common\orbis_debug\camera.o
c:\users\b8052301\ps4\richps4\common\orbis_debug\gametimer.o
c:\users\b8052301\ps4\richps4\common\orbis_debug\keyboard.o
c:\users\b8052301\ps4\richps4\common\orbis_debug\maths.o
c:\users\b8052301\ps4\richps4\common\orbis_debug\matrix2.o
c:\users\b8052301\ps4\richps4\common\orbis_debug\matrix3.o
c:\users\b8052301\ps4\richps4\common\orbis_debug\matrix4.o
c:\users\b8052301\ps4\richps4\common\orbis_debug\meshgeometry.o
c:\users\b8052301\ps4\richps4\common\orbis_debug\mouse.o
c:\users\b8052301\ps4\richps4\common\orbis_debug\plane.o
c:\users\b8052301\ps4\richps4\common\orbis_debug\quaternion.o
c:\users\b8052301\ps4\richps4\common\orbis_debug\rendererbase.o
c:\users\b8052301\ps4\richps4\common\orbis_debug\shaderbase.o
c:\users\b8052301\ps4\richps4\common\orbis_debug\simplefont.o
c:\users\b8052301\ps4\richps4\common\orbis_debug\texturebase.o
c:\users\b8052301\ps4\richps4\common\orbis_debug\textureloader.o
c:\users\b8052301\ps4\richps4\common\orbis_debug\texturewriter.o
c:\users\b8052301\ps4\richps4\common\orbis_debug\win32keyboard.o
c:\users\b8052301\ps4\richps4\common\orbis_debug\win32mouse.o
c:\users\b8052301\ps4\richps4\common\orbis_debug\win32window.o
c:\users\b8052301\ps4\richps4\common\orbis_debug\window.o
c:\users\b8052301\source\repos\team-4-ps4\common\orbis_debug\assets.o
c:\users\b8052301\source\repos\team-4-ps4\common\orbis_debug\camera.o
c:\users\b8052301\source\repos\team-4-ps4\common\orbis_debug\gametimer.o
c:\users\b8052301\source\repos\team-4-ps4\common\orbis_debug\keyboard.o
c:\users\b8052301\source\repos\team-4-ps4\common\orbis_debug\maths.o
c:\users\b8052301\source\repos\team-4-ps4\common\orbis_debug\matrix2.o
c:\users\b8052301\source\repos\team-4-ps4\common\orbis_debug\matrix3.o
c:\users\b8052301\source\repos\team-4-ps4\common\orbis_debug\matrix4.o
c:\users\b8052301\source\repos\team-4-ps4\common\orbis_debug\mouse.o
c:\users\b8052301\source\repos\team-4-ps4\common\orbis_debug\plane.o
c:\users\b8052301\source\repos\team-4-ps4\common\orbis_debug\quaternion.o
c:\users\b8052301\source\repos\team-4-ps4\common\orbis_debug\rendererbase.o
c:\users\b8052301\source\repos\team-4-ps4\common\orbis_debug\shaderbase.o
c:\users\b8052301\source\repos\team-4-ps4\common\orbis_debug\simplefont.o
c:\users\b8052301\source\repos\team-4-ps4\common\orbis_debug\texturebase.o
c:\users\b8052301\source\repos\team-4-ps4\common\orbis_debug\textureloader.o
c:\users\b8052301\source\repos\team-4-ps4\common\orbis_debug\texturewriter.o
c:\users\b8052301\source\repos\team-4-ps4\common\orbis_debug\win32keyboard.o
c:\users\b8052301\source\repos\team-4-ps4\common\orbis_debug\win32mouse.o
c:\users\b8052301\source\repos\team-4-ps4\common\orbis_debug\win32window.o
c:\users\b8052301\source\repos\team-4-ps4\common\orbis_debug\window.o
c:\users\b8052301\source\repos\team-4-ps4\common\orbis_debug\meshgeometry.o
c:\users\b8052301\ps4\richps4\orbis\debug\common.a
c:\users\b8052301\source\repos\team-4-ps4\orbis\debug\common.a
c:\users\b8052301\source\repos\team-4-ps4\common\orbis_debug\common.tlog\orbis-clang-cl.command.1.tlog
c:\users\b8052301\source\repos\team-4-ps4\common\orbis_debug\common.tlog\orbis-clang-cl.read.1.tlog
c:\users\b8052301\source\repos\team-4-ps4\common\orbis_debug\common.tlog\orbis-clang-cl.write.1.tlog
c:\users\b8052301\source\repos\team-4-ps4\common\orbis_debug\common.tlog\orbis-snarl.command.1.tlog
c:\users\b8052301\source\repos\team-4-ps4\common\orbis_debug\common.tlog\orbis-snarl.read.1.tlog
c:\users\b8052301\source\repos\team-4-ps4\common\orbis_debug\common.tlog\orbis-snarl.write.1.tlog
