  Camera.cpp
  Matrix3.cpp
C:\Users\b8052301\Source\Repos\Team-4-PS4\Common\Matrix3.cpp(121,9): warning : unused variable 'phi2' [-Wunused-variable]
                  float phi2 = Maths::RadiansToDegrees(atan2(values[1] / cost2, values[0] / cost2));
                        ^
C:\Users\b8052301\Source\Repos\Team-4-PS4\Common\Matrix3.cpp(118,9): warning : unused variable 'psi2' [-Wunused-variable]
                  float psi2 = Maths::RadiansToDegrees(atan2(values[5] / cost2, values[8] / cost2));
                        ^
  2 warnings generated.
  MeshGeometry.cpp
  In file included from C:\Users\b8052301\Source\Repos\Team-4-PS4\Common\MeshGeometry.cpp:9:
C:\Users\b8052301\Source\Repos\Team-4-PS4\Common/../Common/ObjLoader.h(240,13): warning : unused function 'parseTriple' [-Wunused-function]
  static bool parseTriple(const char **token, int vsize, int vnsize, int vtsize,
              ^
C:\Users\b8052301\Source\Repos\Team-4-PS4\Common/../Common/ObjLoader.h(412,13): warning : unused function 'exportGroupsToShape' [-Wunused-function]
  static bool exportGroupsToShape(shape_t *shape,
              ^
C:\Users\b8052301\Source\Repos\Team-4-PS4\Common/../Common/ObjLoader.h(950,14): warning : private field 'attrib' is not used [-Wunused-private-field]
                          attrib_t* attrib;
                                    ^
C:\Users\b8052301\Source\Repos\Team-4-PS4\Common/../Common/ObjLoader.h(954,22): warning : private field 'primType' is not used [-Wunused-private-field]
                          GeometryPrimitive       primType;
                                                  ^
  4 warnings generated.
  Quaternion.cpp
  Common.vcxproj -> C:\Users\b8052301\Source\Repos\Team-4-PS4\ORBIS\Debug\Common.a
